::1 - - [27/Feb/2021:17:51:24 +0000] "GET /api/v1 HTTP/1.1" 404 33 "-" "PostmanRuntime/7.26.10"
::1 - - [27/Feb/2021:17:52:09 +0000] "GET /api/v1/hello HTTP/1.1" 404 33 "-" "PostmanRuntime/7.26.10"
::1 - - [27/Feb/2021:17:52:10 +0000] "GET /api/v1/hello HTTP/1.1" 404 33 "-" "PostmanRuntime/7.26.10"
::1 - - [27/Feb/2021:17:52:11 +0000] "GET /api/v1/hello HTTP/1.1" 404 33 "-" "PostmanRuntime/7.26.10"
::1 - - [27/Feb/2021:17:52:11 +0000] "GET /api/v1/hello HTTP/1.1" 404 33 "-" "PostmanRuntime/7.26.10"
::1 - - [27/Feb/2021:17:52:12 +0000] "GET /api/v1/hello HTTP/1.1" 404 33 "-" "PostmanRuntime/7.26.10"
::1 - - [27/Feb/2021:17:53:00 +0000] "GET /api/v1/hello HTTP/1.1" 200 19 "-" "PostmanRuntime/7.26.10"
::1 - - [27/Feb/2021:17:53:04 +0000] "GET /api/v1/hello-again HTTP/1.1" 200 25 "-" "PostmanRuntime/7.26.10"
::1 - - [27/Feb/2021:17:53:08 +0000] "GET /api/v1/hello-again/asdfsaf HTTP/1.1" 404 33 "-" "PostmanRuntime/7.26.10"
::1 - - [27/Feb/2021:21:09:51 +0000] "POST /api/v1/auth/register HTTP/1.1" 201 42 "-" "PostmanRuntime/7.26.10"
::1 - - [27/Feb/2021:21:10:02 +0000] "POST /api/v1/auth/login HTTP/1.1" 200 144 "-" "PostmanRuntime/7.26.10"
::1 - - [27/Feb/2021:21:19:52 +0000] "POST /api/v1/posts HTTP/1.1" 200 26 "-" "PostmanRuntime/7.26.10"
::1 - - [27/Feb/2021:21:19:59 +0000] "POST /api/v1/posts/asdfasdfasdfasdfasdfasdf HTTP/1.1" 404 33 "-" "PostmanRuntime/7.26.10"
::1 - - [27/Feb/2021:21:20:03 +0000] "GET /api/v1/posts/asdfasdfasdfasdfasdfasdf HTTP/1.1" 200 28 "-" "PostmanRuntime/7.26.10"
::1 - - [27/Feb/2021:21:20:08 +0000] "GET /api/v1/posts HTTP/1.1" 200 27 "-" "PostmanRuntime/7.26.10"
::1 - - [27/Feb/2021:21:20:15 +0000] "DELETE /api/v1/posts/asdfasdf HTTP/1.1" 200 25 "-" "PostmanRuntime/7.26.10"
::1 - - [27/Feb/2021:21:20:19 +0000] "PATCH /api/v1/posts/asdfasdf HTTP/1.1" 200 25 "-" "PostmanRuntime/7.26.10"
::1 - - [28/Feb/2021:19:33:30 +0000] "GET /api/v1/posts/asdfasdf HTTP/1.1" 401 43 "-" "PostmanRuntime/7.26.10"
::1 - - [28/Feb/2021:19:34:39 +0000] "POST /api/v1/auth/login HTTP/1.1" 200 144 "-" "PostmanRuntime/7.26.10"
::1 - - [28/Feb/2021:19:34:56 +0000] "GET /api/v1/posts/asdfasdfasdfasdfasdfasdf HTTP/1.1" 401 43 "-" "PostmanRuntime/7.26.10"
::1 - - [28/Feb/2021:19:35:09 +0000] "GET /api/v1/posts/asdfasdfasdfasdfasdfasdf HTTP/1.1" 200 28 "-" "PostmanRuntime/7.26.10"
::1 - - [28/Feb/2021:19:36:31 +0000] "GET /api/v1/posts/asdfasdfasdfasdfasdfasdf HTTP/1.1" 200 28 "-" "PostmanRuntime/7.26.10"
::1 - - [28/Feb/2021:19:38:20 +0000] "GET /api/v1/posts/asdfasdfasdfasdfasdfasdf HTTP/1.1" 200 28 "-" "PostmanRuntime/7.26.10"
::1 - - [28/Feb/2021:19:39:04 +0000] "GET /api/v1/posts/asdfasdfasdfasdfasdfasdf HTTP/1.1" 200 28 "-" "PostmanRuntime/7.26.10"
::1 - - [28/Feb/2021:19:39:29 +0000] "GET /api/v1/posts/asdfasdfasdfasdfasdfasdf HTTP/1.1" 200 28 "-" "PostmanRuntime/7.26.10"
::1 - - [28/Feb/2021:19:39:59 +0000] "GET /api/v1/posts/asdfasdfasdfasdfasdfasdf HTTP/1.1" 200 28 "-" "PostmanRuntime/7.26.10"
::1 - - [28/Feb/2021:19:40:24 +0000] "GET /api/v1/posts/asdfasdfasdfasdfasdfasdf HTTP/1.1" 200 28 "-" "PostmanRuntime/7.26.10"
::1 - - [28/Feb/2021:19:40:50 +0000] "GET /api/v1/posts HTTP/1.1" 200 63 "-" "PostmanRuntime/7.26.10"
::1 - - [28/Feb/2021:19:57:39 +0000] "GET /api/v1/posts HTTP/1.1" 200 292 "-" "PostmanRuntime/7.26.10"
::1 - - [28/Feb/2021:20:03:03 +0000] "GET /api/v1/posts HTTP/1.1" 200 40 "-" "PostmanRuntime/7.26.10"
::1 - - [28/Feb/2021:20:06:28 +0000] "POST /api/v1/auth/register HTTP/1.1" 400 56 "-" "PostmanRuntime/7.26.10"
::1 - - [28/Feb/2021:20:06:55 +0000] "POST /api/v1/auth/register HTTP/1.1" 400 56 "-" "PostmanRuntime/7.26.10"
::1 - - [28/Feb/2021:20:07:16 +0000] "POST /api/v1/auth/register HTTP/1.1" 400 56 "-" "PostmanRuntime/7.26.10"
::1 - - [28/Feb/2021:20:08:41 +0000] "POST /api/v1/auth/register HTTP/1.1" 400 56 "-" "PostmanRuntime/7.26.10"
::1 - - [28/Feb/2021:20:09:06 +0000] "POST /api/v1/auth/register HTTP/1.1" 400 56 "-" "PostmanRuntime/7.26.10"
::1 - - [28/Feb/2021:20:10:27 +0000] "POST /api/v1/auth/register HTTP/1.1" 201 42 "-" "PostmanRuntime/7.26.10"
::1 - - [28/Feb/2021:20:10:43 +0000] "POST /api/v1/auth/login HTTP/1.1" 200 164 "-" "PostmanRuntime/7.26.10"
::1 - - [28/Feb/2021:20:11:15 +0000] "GET /api/v1/posts HTTP/1.1" - - "-" "PostmanRuntime/7.26.10"
::1 - - [28/Feb/2021:20:12:46 +0000] "GET /api/v1/posts HTTP/1.1" 500 12 "-" "PostmanRuntime/7.26.10"
::1 - - [28/Feb/2021:20:13:22 +0000] "GET /api/v1/posts HTTP/1.1" 500 12 "-" "PostmanRuntime/7.26.10"
::1 - - [28/Feb/2021:20:13:34 +0000] "GET /api/v1/posts HTTP/1.1" 500 12 "-" "PostmanRuntime/7.26.10"
::1 - - [28/Feb/2021:20:14:01 +0000] "GET /api/v1/posts HTTP/1.1" 500 12 "-" "PostmanRuntime/7.26.10"
::1 - - [28/Feb/2021:20:14:26 +0000] "POST /api/v1/auth/login HTTP/1.1" 200 164 "-" "PostmanRuntime/7.26.10"
::1 - - [28/Feb/2021:20:14:45 +0000] "POST /api/v1/posts HTTP/1.1" 200 26 "-" "PostmanRuntime/7.26.10"
::1 - - [28/Feb/2021:20:14:58 +0000] "GET /api/v1/posts HTTP/1.1" 200 60 "-" "PostmanRuntime/7.26.10"
::1 - - [28/Feb/2021:20:16:22 +0000] "GET /api/v1/posts HTTP/1.1" 200 60 "-" "PostmanRuntime/7.26.10"
::1 - - [28/Feb/2021:20:20:31 +0000] "GET /api/v1/posts HTTP/1.1" 200 60 "-" "PostmanRuntime/7.26.10"
::1 - - [28/Feb/2021:20:21:48 +0000] "GET /api/v1/posts HTTP/1.1" 400 226 "-" "PostmanRuntime/7.26.10"
::1 - - [28/Feb/2021:20:22:19 +0000] "GET /api/v1/posts HTTP/1.1" 400 128 "-" "PostmanRuntime/7.26.10"
::1 - - [28/Feb/2021:20:22:59 +0000] "GET /api/v1/posts HTTP/1.1" 400 36 "-" "PostmanRuntime/7.26.10"
::1 - - [28/Feb/2021:20:24:49 +0000] "GET /api/v1/posts HTTP/1.1" 200 12 "-" "PostmanRuntime/7.26.10"
::1 - - [28/Feb/2021:20:25:02 +0000] "POST /api/v1/posts HTTP/1.1" 400 36 "-" "PostmanRuntime/7.26.10"
::1 - - [28/Feb/2021:20:25:19 +0000] "POST /api/v1/posts HTTP/1.1" 400 38 "-" "PostmanRuntime/7.26.10"
::1 - - [28/Feb/2021:20:25:54 +0000] "POST /api/v1/posts HTTP/1.1" 400 39 "-" "PostmanRuntime/7.26.10"
::1 - - [28/Feb/2021:20:26:36 +0000] "POST /api/v1/posts HTTP/1.1" 400 37 "-" "PostmanRuntime/7.26.10"
::1 - - [28/Feb/2021:20:27:02 +0000] "POST /api/v1/posts HTTP/1.1" 400 38 "-" "PostmanRuntime/7.26.10"
::1 - - [28/Feb/2021:20:27:24 +0000] "POST /api/v1/posts HTTP/1.1" 200 60 "-" "PostmanRuntime/7.26.10"
::1 - - [28/Feb/2021:20:27:58 +0000] "POST /api/v1/posts HTTP/1.1" 200 715 "-" "PostmanRuntime/7.26.10"
::1 - - [28/Feb/2021:20:31:59 +0000] "POST /api/v1/posts HTTP/1.1" 200 833 "-" "PostmanRuntime/7.26.10"
::1 - - [28/Feb/2021:20:33:30 +0000] "POST /api/v1/posts HTTP/1.1" 200 854 "-" "PostmanRuntime/7.26.10"
::1 - - [28/Feb/2021:20:33:58 +0000] "POST /api/v1/posts HTTP/1.1" 400 39 "-" "PostmanRuntime/7.26.10"
::1 - - [28/Feb/2021:20:34:14 +0000] "POST /api/v1/posts HTTP/1.1" 400 54 "-" "PostmanRuntime/7.26.10"
::1 - - [28/Feb/2021:20:34:26 +0000] "POST /api/v1/posts HTTP/1.1" 200 875 "-" "PostmanRuntime/7.26.10"
::1 - - [28/Feb/2021:20:35:19 +0000] "POST /api/v1/posts HTTP/1.1" 400 47 "-" "PostmanRuntime/7.26.10"
::1 - - [28/Feb/2021:20:35:38 +0000] "POST /api/v1/posts HTTP/1.1" 200 886 "-" "PostmanRuntime/7.26.10"
::1 - - [28/Feb/2021:20:35:59 +0000] "POST /api/v1/posts HTTP/1.1" 400 47 "-" "PostmanRuntime/7.26.10"
::1 - - [28/Feb/2021:20:36:18 +0000] "POST /api/v1/posts HTTP/1.1" 200 892 "-" "PostmanRuntime/7.26.10"
::1 - - [28/Feb/2021:20:37:01 +0000] "POST /api/v1/posts HTTP/1.1" 200 938 "-" "PostmanRuntime/7.26.10"
::1 - - [28/Feb/2021:20:43:26 +0000] "POST /api/v1/posts HTTP/1.1" 200 978 "-" "PostmanRuntime/7.26.10"
::1 - - [28/Feb/2021:20:43:38 +0000] "GET /api/v1/posts HTTP/1.1" 200 990 "-" "PostmanRuntime/7.26.10"
::1 - - [28/Feb/2021:20:44:00 +0000] "GET /api/v1/posts HTTP/1.1" 200 980 "-" "PostmanRuntime/7.26.10"
::ffff:127.0.0.1 - - [28/Feb/2021:20:44:50 +0000] "GET /api/v1/posts HTTP/1.1" 200 623 "-" "PostmanRuntime/7.26.10"
::1 - - [28/Feb/2021:20:46:42 +0000] "GET /api/v1/posts HTTP/1.1" 200 393 "-" "PostmanRuntime/7.26.10"
::1 - - [28/Feb/2021:20:47:44 +0000] "GET /api/v1/posts HTTP/1.1" 200 966 "-" "PostmanRuntime/7.26.10"
::1 - - [28/Feb/2021:20:49:01 +0000] "GET /api/v1/posts HTTP/1.1" 200 379 "-" "PostmanRuntime/7.26.10"
::1 - - [28/Feb/2021:20:50:01 +0000] "GET /api/v1/posts HTTP/1.1" 200 293 "-" "PostmanRuntime/7.26.10"
::1 - - [28/Feb/2021:20:53:43 +0000] "GET /api/v1/posts/603c006eb051012f4c4ff8fc HTTP/1.1" 200 892 "-" "PostmanRuntime/7.26.10"
::1 - - [28/Feb/2021:20:55:51 +0000] "GET /api/v1/posts/603c006eb051012f4c4ff8fcd HTTP/1.1" - - "-" "PostmanRuntime/7.26.10"
::1 - - [28/Feb/2021:21:05:42 +0000] "GET /api/v1/posts/603c006eb051012f4c4ff8fcd HTTP/1.1" 400 57 "-" "PostmanRuntime/7.26.10"
::1 - - [28/Feb/2021:21:05:49 +0000] "GET /api/v1/posts/603c006eb051012f4c4ff8fc HTTP/1.1" 200 892 "-" "PostmanRuntime/7.26.10"
